Arguments: 
  /Users/kazuya/.nodebrew/node/v11.13.0/bin/node /Users/kazuya/.nodebrew/current/bin/yarn add @types/http

PATH: 
  /Users/kazuya/.cargo/bin:/usr/local/opt/gettext/bin:/Users/kazuya/flutter/bin:/usr/local/opt/php@7.2/sbin:/usr/local/opt/php@7.2/bin:/Users/kazuya/.cargo/bin:/Users/kazuya/.nodebrew/current/bin:/Users/kazuya/.pyenv/shims:/Library/Java/JavaVirtualMachines/jdk1.8.0_202.jdk/Contents/Home/bin:/Users/kazuya/.exenv/shims:/Users/kazuya/.exenv/bin:/Users/kazuya/.exenv/shims:/Users/kazuya/.exenv/bin:/Users/kazuya/.rbenv/shims:/Users/kazuya/.rbenv/shims:/Users/kazuya/.nodebrew/current/bin:/Users/kazuya/.exenv/shims:/Users/kazuya/.exenv/bin:/Users/kazuya/.rbenv/shims:/Users/kazuya/.rbenv/shims:/Users/kazuya/.nodebrew/current/bin:/usr/local/bin:/usr/bin:/bin:/usr/sbin:/sbin:/opt/X11/bin:/Users/kazuya/android-sdk/tools{}:/Users/kazuya/android-sdk/tools:/Users/kazuya/android-sdk/platform-tools:/Users/kazuya/android-sdk/tools{}:/Users/kazuya/android-sdk/tools:/Users/kazuya/android-sdk/platform-tools:/Users/kazuya/go/bin

Yarn version: 
  1.15.2

Node version: 
  11.13.0

Platform: 
  darwin x64

Trace: 
  Error: https://registry.yarnpkg.com/@types%2fhttp: Not found
      at Request.params.callback [as _callback] (/Users/kazuya/.nodebrew/node/v11.13.0/lib/node_modules/yarn/lib/cli.js:66058:18)
      at Request.self.callback (/Users/kazuya/.nodebrew/node/v11.13.0/lib/node_modules/yarn/lib/cli.js:129541:22)
      at Request.emit (events.js:193:13)
      at Request.<anonymous> (/Users/kazuya/.nodebrew/node/v11.13.0/lib/node_modules/yarn/lib/cli.js:130513:10)
      at Request.emit (events.js:193:13)
      at IncomingMessage.<anonymous> (/Users/kazuya/.nodebrew/node/v11.13.0/lib/node_modules/yarn/lib/cli.js:130435:12)
      at Object.onceWrapper (events.js:281:20)
      at IncomingMessage.emit (events.js:198:15)
      at endReadableNT (_stream_readable.js:1142:12)
      at processTicksAndRejections (internal/process/task_queues.js:81:17)

npm manifest: 
  {
    "name": "mock_server",
    "version": "1.0.0",
    "description": "",
    "main": "app.ts",
    "scripts": {
      "start": "ts-node app.ts"
    },
    "dependencies": {
      "http": "^0.0.0",
      "ts-node": "^8.3.0"
    }
  }

yarn manifest: 
  No manifest

Lockfile: 
  # THIS IS AN AUTOGENERATED FILE. DO NOT EDIT THIS FILE DIRECTLY.
  # yarn lockfile v1
  
  
  arg@^4.1.0:
    version "4.1.1"
    resolved "https://registry.yarnpkg.com/arg/-/arg-4.1.1.tgz#485f8e7c390ce4c5f78257dbea80d4be11feda4c"
    integrity sha512-SlmP3fEA88MBv0PypnXZ8ZfJhwmDeIE3SP71j37AiXQBXYosPV0x6uISAaHYSlSVhmHOVkomen0tbGk6Anlebw==
  
  buffer-from@^1.0.0:
    version "1.1.1"
    resolved "https://registry.yarnpkg.com/buffer-from/-/buffer-from-1.1.1.tgz#32713bc028f75c02fdb710d7c7bcec1f2c6070ef"
    integrity sha512-MQcXEUbCKtEo7bhqEs6560Hyd4XaovZlO/k9V3hjVUF/zwW7KBVdSK4gIt/bzwS9MbR5qob+F5jusZsb0YQK2A==
  
  diff@^4.0.1:
    version "4.0.1"
    resolved "https://registry.yarnpkg.com/diff/-/diff-4.0.1.tgz#0c667cb467ebbb5cea7f14f135cc2dba7780a8ff"
    integrity sha512-s2+XdvhPCOF01LRQBC8hf4vhbVmI2CGS5aZnxLJlT5FtdhPCDFq80q++zK2KlrVorVDdL5BOGZ/VfLrVtYNF+Q==
  
  http@^0.0.0:
    version "0.0.0"
    resolved "https://registry.yarnpkg.com/http/-/http-0.0.0.tgz#86e6326d29c5d039de9fac584a45689f929f4f72"
    integrity sha1-huYybSnF0Dnen6xYSkVon5KfT3I=
  
  make-error@^1.1.1:
    version "1.3.5"
    resolved "https://registry.yarnpkg.com/make-error/-/make-error-1.3.5.tgz#efe4e81f6db28cadd605c70f29c831b58ef776c8"
    integrity sha512-c3sIjNUow0+8swNwVpqoH4YCShKNFkMaw6oH1mNS2haDZQqkeZFlHS3dhoeEbKKmJB4vXpJucU6oH75aDYeE9g==
  
  source-map-support@^0.5.6:
    version "0.5.13"
    resolved "https://registry.yarnpkg.com/source-map-support/-/source-map-support-0.5.13.tgz#31b24a9c2e73c2de85066c0feb7d44767ed52932"
    integrity sha512-SHSKFHadjVA5oR4PPqhtAVdcBWwRYVd6g6cAXnIbRiIwc2EhPrTuKUBdSLvlEKyIP3GCf89fltvcZiP9MMFA1w==
    dependencies:
      buffer-from "^1.0.0"
      source-map "^0.6.0"
  
  source-map@^0.6.0:
    version "0.6.1"
    resolved "https://registry.yarnpkg.com/source-map/-/source-map-0.6.1.tgz#74722af32e9614e9c287a8d0bbde48b5e2f1a263"
    integrity sha512-UjgapumWlbMhkBgzT7Ykc5YXUT46F0iKu8SGXq0bcwP5dz/h0Plj6enJqjz1Zbq2l5WaqYnrVbwWOWMyF3F47g==
  
  ts-node@^8.3.0:
    version "8.3.0"
    resolved "https://registry.yarnpkg.com/ts-node/-/ts-node-8.3.0.tgz#e4059618411371924a1fb5f3b125915f324efb57"
    integrity sha512-dyNS/RqyVTDcmNM4NIBAeDMpsAdaQ+ojdf0GOLqE6nwJOgzEkdRNzJywhDfwnuvB10oa6NLVG1rUJQCpRN7qoQ==
    dependencies:
      arg "^4.1.0"
      diff "^4.0.1"
      make-error "^1.1.1"
      source-map-support "^0.5.6"
      yn "^3.0.0"
  
  yn@^3.0.0:
    version "3.1.1"
    resolved "https://registry.yarnpkg.com/yn/-/yn-3.1.1.tgz#1e87401a09d767c1d5eab26a6e4c185182d2eb50"
    integrity sha512-Ux4ygGWsu2c7isFWe8Yu1YluJmqVhxqK2cLXNQA5AcC3QfbGNpM7fu0Y8b/z16pXLnFxZYvWhd3fhBY9DLmC6Q==
